生成启动时间为 2011-10-3 22:15:13。
     1>项目“D:\STKing_lc\NetTS\NetTS_vc90.vcxproj”在节点 3 上(build 个目标)。
     1>InitializeBuildStatus:
         正在创建“.\Debug\NetTS.unsuccessfulbuild”，因为已指定“AlwaysCreate”。
       ClCompile:
         D:\Program Files\Microsoft Visual Studio 10.0\VC\bin\CL.exe /c /ZI /nologo /W3 /WX- /Od /Oy- /D WIN32 /D _DEBUG /D _WINDOWS /D _AFXEXT /D _VC80_UPGRADE=0x0710 /D _WINDLL /D _MBCS /D _AFXDLL /Gm- /EHsc /RTC1 /MDd /Zp1 /GS /fp:precise /Zc:wchar_t /Zc:forScope /Yc"stdafx.h" /Fp".\Debug/NetTS.pch" /Fo".\Debug/" /Fd".\Debug/vc100.pdb" /FR".\Debug\\" /Gd /TP /analyze- /errorReport:prompt StdAfx.cpp
         StdAfx.cpp
         D:\Program Files\Microsoft Visual Studio 10.0\VC\bin\CL.exe /c /ZI /nologo /W3 /WX- /Od /Oy- /D WIN32 /D _DEBUG /D _WINDOWS /D _AFXEXT /D _VC80_UPGRADE=0x0710 /D _WINDLL /D _MBCS /D _AFXDLL /Gm- /EHsc /RTC1 /MDd /Zp1 /GS /fp:precise /Zc:wchar_t /Zc:forScope /Yu"stdafx.h" /Fp".\Debug/NetTS.pch" /Fo".\Debug/" /Fd".\Debug/vc100.pdb" /FR".\Debug\\" /Gd /TP /analyze- /errorReport:prompt base64.cpp EditSrvDlg.cpp NetTS.cpp ProxySetDlg.cpp ProxySocket.cpp QSProfile.cpp SelectSrvDlg.cpp SpTime.cpp Stockdrv.cpp tracetool.cpp TSCache.cpp TSWnd.cpp TW.cpp TWSocket.cpp
         base64.cpp
         EditSrvDlg.cpp
         NetTS.cpp
     1>d:\stking_lc\netts\twsocket.h(29): warning C4996: 'strncpy': This function or variable may be unsafe. Consider using strncpy_s instead. To disable deprecation, use _CRT_SECURE_NO_WARNINGS. See online help for details.
                 d:\program files\microsoft visual studio 10.0\vc\include\string.h(188) : 参见“strncpy”的声明
         ProxySetDlg.cpp
         ProxySocket.cpp
     1>d:\stking_lc\netts\proxysocket.cpp(161): warning C4996: 'strcpy': This function or variable may be unsafe. Consider using strcpy_s instead. To disable deprecation, use _CRT_SECURE_NO_WARNINGS. See online help for details.
                 d:\program files\microsoft visual studio 10.0\vc\include\string.h(105) : 参见“strcpy”的声明
     1>d:\stking_lc\netts\proxysocket.cpp(163): warning C4996: 'strcpy': This function or variable may be unsafe. Consider using strcpy_s instead. To disable deprecation, use _CRT_SECURE_NO_WARNINGS. See online help for details.
                 d:\program files\microsoft visual studio 10.0\vc\include\string.h(105) : 参见“strcpy”的声明
     1>d:\stking_lc\netts\proxysocket.cpp(227): warning C4996: 'sprintf': This function or variable may be unsafe. Consider using sprintf_s instead. To disable deprecation, use _CRT_SECURE_NO_WARNINGS. See online help for details.
                 d:\program files\microsoft visual studio 10.0\vc\include\stdio.h(371) : 参见“sprintf”的声明
     1>d:\stking_lc\netts\proxysocket.cpp(235): warning C4996: 'sscanf': This function or variable may be unsafe. Consider using sscanf_s instead. To disable deprecation, use _CRT_SECURE_NO_WARNINGS. See online help for details.
                 d:\program files\microsoft visual studio 10.0\vc\include\stdio.h(325) : 参见“sscanf”的声明
         QSProfile.cpp
         SelectSrvDlg.cpp
     1>d:\stking_lc\netts\twsocket.h(29): warning C4996: 'strncpy': This function or variable may be unsafe. Consider using strncpy_s instead. To disable deprecation, use _CRT_SECURE_NO_WARNINGS. See online help for details.
                 d:\program files\microsoft visual studio 10.0\vc\include\string.h(188) : 参见“strncpy”的声明
         SpTime.cpp
     1>d:\stking_lc\netts\sptime.cpp(453): warning C4996: 'gmtime': This function or variable may be unsafe. Consider using gmtime_s instead. To disable deprecation, use _CRT_SECURE_NO_WARNINGS. See online help for details.
                 d:\program files\microsoft visual studio 10.0\vc\include\time.inl(99) : 参见“gmtime”的声明
     1>d:\stking_lc\netts\sptime.cpp(457): warning C4996: 'gmtime': This function or variable may be unsafe. Consider using gmtime_s instead. To disable deprecation, use _CRT_SECURE_NO_WARNINGS. See online help for details.
                 d:\program files\microsoft visual studio 10.0\vc\include\time.inl(99) : 参见“gmtime”的声明
     1>d:\stking_lc\netts\sptime.cpp(468): warning C4996: 'gmtime': This function or variable may be unsafe. Consider using gmtime_s instead. To disable deprecation, use _CRT_SECURE_NO_WARNINGS. See online help for details.
                 d:\program files\microsoft visual studio 10.0\vc\include\time.inl(99) : 参见“gmtime”的声明
     1>d:\stking_lc\netts\sptime.cpp(476): warning C4996: 'gmtime': This function or variable may be unsafe. Consider using gmtime_s instead. To disable deprecation, use _CRT_SECURE_NO_WARNINGS. See online help for details.
                 d:\program files\microsoft visual studio 10.0\vc\include\time.inl(99) : 参见“gmtime”的声明
     1>d:\stking_lc\netts\sptime.cpp(581): warning C4996: 'localtime': This function or variable may be unsafe. Consider using localtime_s instead. To disable deprecation, use _CRT_SECURE_NO_WARNINGS. See online help for details.
                 d:\program files\microsoft visual studio 10.0\vc\include\time.inl(112) : 参见“localtime”的声明
     1>d:\stking_lc\netts\sptime.cpp(592): warning C4996: 'gmtime': This function or variable may be unsafe. Consider using gmtime_s instead. To disable deprecation, use _CRT_SECURE_NO_WARNINGS. See online help for details.
                 d:\program files\microsoft visual studio 10.0\vc\include\time.inl(99) : 参见“gmtime”的声明
         Stockdrv.cpp
     1>d:\stking_lc\netts\twsocket.h(29): warning C4996: 'strncpy': This function or variable may be unsafe. Consider using strncpy_s instead. To disable deprecation, use _CRT_SECURE_NO_WARNINGS. See online help for details.
                 d:\program files\microsoft visual studio 10.0\vc\include\string.h(188) : 参见“strncpy”的声明
     1>d:\stking_lc\netts\stockdrv.cpp(89): warning C4996: 'strcpy': This function or variable may be unsafe. Consider using strcpy_s instead. To disable deprecation, use _CRT_SECURE_NO_WARNINGS. See online help for details.
                 d:\program files\microsoft visual studio 10.0\vc\include\string.h(105) : 参见“strcpy”的声明
     1>d:\stking_lc\netts\stockdrv.cpp(92): warning C4996: 'strcpy': This function or variable may be unsafe. Consider using strcpy_s instead. To disable deprecation, use _CRT_SECURE_NO_WARNINGS. See online help for details.
                 d:\program files\microsoft visual studio 10.0\vc\include\string.h(105) : 参见“strcpy”的声明
     1>d:\stking_lc\netts\stockdrv.cpp(95): warning C4996: 'strcpy': This function or variable may be unsafe. Consider using strcpy_s instead. To disable deprecation, use _CRT_SECURE_NO_WARNINGS. See online help for details.
                 d:\program files\microsoft visual studio 10.0\vc\include\string.h(105) : 参见“strcpy”的声明
     1>d:\stking_lc\netts\stockdrv.cpp(98): warning C4996: 'strcpy': This function or variable may be unsafe. Consider using strcpy_s instead. To disable deprecation, use _CRT_SECURE_NO_WARNINGS. See online help for details.
                 d:\program files\microsoft visual studio 10.0\vc\include\string.h(105) : 参见“strcpy”的声明
         tracetool.cpp
         TSCache.cpp
     1>d:\stking_lc\netts\twsocket.h(29): warning C4996: 'strncpy': This function or variable may be unsafe. Consider using strncpy_s instead. To disable deprecation, use _CRT_SECURE_NO_WARNINGS. See online help for details.
                 d:\program files\microsoft visual studio 10.0\vc\include\string.h(188) : 参见“strncpy”的声明
     1>d:\stking_lc\netts\tscache.cpp(144): warning C4345: 行为更改: 使用 () 形式的初始值设定项构造的 POD 类型的对象将被默认初始化
     1>d:\stking_lc\netts\tscache.cpp(162): warning C4345: 行为更改: 使用 () 形式的初始值设定项构造的 POD 类型的对象将被默认初始化
     1>d:\stking_lc\netts\tscache.cpp(174): warning C4345: 行为更改: 使用 () 形式的初始值设定项构造的 POD 类型的对象将被默认初始化
     1>d:\stking_lc\netts\tscache.cpp(175): warning C4345: 行为更改: 使用 () 形式的初始值设定项构造的 POD 类型的对象将被默认初始化
     1>d:\stking_lc\netts\tscache.cpp(191): warning C4345: 行为更改: 使用 () 形式的初始值设定项构造的 POD 类型的对象将被默认初始化
     1>d:\stking_lc\netts\tscache.cpp(202): warning C4345: 行为更改: 使用 () 形式的初始值设定项构造的 POD 类型的对象将被默认初始化
     1>d:\stking_lc\netts\tscache.cpp(213): warning C4345: 行为更改: 使用 () 形式的初始值设定项构造的 POD 类型的对象将被默认初始化
     1>d:\stking_lc\netts\tscache.cpp(224): warning C4345: 行为更改: 使用 () 形式的初始值设定项构造的 POD 类型的对象将被默认初始化
         TSWnd.cpp
     1>d:\stking_lc\netts\tswnd.cpp(100): warning C4996: 'sprintf': This function or variable may be unsafe. Consider using sprintf_s instead. To disable deprecation, use _CRT_SECURE_NO_WARNINGS. See online help for details.
                 d:\program files\microsoft visual studio 10.0\vc\include\stdio.h(371) : 参见“sprintf”的声明
         TW.cpp
     1>d:\stking_lc\netts\tw.cpp(80): warning C4996: 'itoa': The POSIX name for this item is deprecated. Instead, use the ISO C++ conformant name: _itoa. See online help for details.
                 d:\program files\microsoft visual studio 10.0\vc\include\stdlib.h(867) : 参见“itoa”的声明
     1>d:\stking_lc\netts\tw.cpp(379): warning C4996: 'strncpy': This function or variable may be unsafe. Consider using strncpy_s instead. To disable deprecation, use _CRT_SECURE_NO_WARNINGS. See online help for details.
                 d:\program files\microsoft visual studio 10.0\vc\include\string.h(188) : 参见“strncpy”的声明
     1>d:\stking_lc\netts\tw.cpp(381): warning C4996: 'strncpy': This function or variable may be unsafe. Consider using strncpy_s instead. To disable deprecation, use _CRT_SECURE_NO_WARNINGS. See online help for details.
                 d:\program files\microsoft visual studio 10.0\vc\include\string.h(188) : 参见“strncpy”的声明
     1>d:\stking_lc\netts\tw.cpp(383): warning C4996: 'strncpy': This function or variable may be unsafe. Consider using strncpy_s instead. To disable deprecation, use _CRT_SECURE_NO_WARNINGS. See online help for details.
                 d:\program files\microsoft visual studio 10.0\vc\include\string.h(188) : 参见“strncpy”的声明
     1>d:\stking_lc\netts\tw.cpp(427): warning C4996: 'strncpy': This function or variable may be unsafe. Consider using strncpy_s instead. To disable deprecation, use _CRT_SECURE_NO_WARNINGS. See online help for details.
                 d:\program files\microsoft visual studio 10.0\vc\include\string.h(188) : 参见“strncpy”的声明
     1>d:\stking_lc\netts\tw.cpp(502): warning C4996: 'strncpy': This function or variable may be unsafe. Consider using strncpy_s instead. To disable deprecation, use _CRT_SECURE_NO_WARNINGS. See online help for details.
                 d:\program files\microsoft visual studio 10.0\vc\include\string.h(188) : 参见“strncpy”的声明
     1>d:\stking_lc\netts\tw.cpp(534): warning C4996: 'strncpy': This function or variable may be unsafe. Consider using strncpy_s instead. To disable deprecation, use _CRT_SECURE_NO_WARNINGS. See online help for details.
                 d:\program files\microsoft visual studio 10.0\vc\include\string.h(188) : 参见“strncpy”的声明
     1>d:\stking_lc\netts\tw.cpp(624): warning C4996: 'strncpy': This function or variable may be unsafe. Consider using strncpy_s instead. To disable deprecation, use _CRT_SECURE_NO_WARNINGS. See online help for details.
                 d:\program files\microsoft visual studio 10.0\vc\include\string.h(188) : 参见“strncpy”的声明
     1>d:\stking_lc\netts\tw.cpp(719): warning C4996: 'strncpy': This function or variable may be unsafe. Consider using strncpy_s instead. To disable deprecation, use _CRT_SECURE_NO_WARNINGS. See online help for details.
                 d:\program files\microsoft visual studio 10.0\vc\include\string.h(188) : 参见“strncpy”的声明
     1>d:\stking_lc\netts\tw.cpp(760): warning C4996: 'strncpy': This function or variable may be unsafe. Consider using strncpy_s instead. To disable deprecation, use _CRT_SECURE_NO_WARNINGS. See online help for details.
                 d:\program files\microsoft visual studio 10.0\vc\include\string.h(188) : 参见“strncpy”的声明
     1>d:\stking_lc\netts\tw.cpp(762): warning C4996: 'strcat': This function or variable may be unsafe. Consider using strcat_s instead. To disable deprecation, use _CRT_SECURE_NO_WARNINGS. See online help for details.
                 d:\program files\microsoft visual studio 10.0\vc\include\string.h(110) : 参见“strcat”的声明
         TWSocket.cpp
     1>d:\stking_lc\netts\twsocket.h(29): warning C4996: 'strncpy': This function or variable may be unsafe. Consider using strncpy_s instead. To disable deprecation, use _CRT_SECURE_NO_WARNINGS. See online help for details.
                 d:\program files\microsoft visual studio 10.0\vc\include\string.h(188) : 参见“strncpy”的声明
     1>d:\stking_lc\netts\twsocket.cpp(40): warning C4996: 'strncpy': This function or variable may be unsafe. Consider using strncpy_s instead. To disable deprecation, use _CRT_SECURE_NO_WARNINGS. See online help for details.
                 d:\program files\microsoft visual studio 10.0\vc\include\string.h(188) : 参见“strncpy”的声明
     1>d:\stking_lc\netts\twsocket.cpp(55): warning C4996: 'sprintf': This function or variable may be unsafe. Consider using sprintf_s instead. To disable deprecation, use _CRT_SECURE_NO_WARNINGS. See online help for details.
                 d:\program files\microsoft visual studio 10.0\vc\include\stdio.h(371) : 参见“sprintf”的声明
     1>d:\stking_lc\netts\twsocket.cpp(68): warning C4996: 'sprintf': This function or variable may be unsafe. Consider using sprintf_s instead. To disable deprecation, use _CRT_SECURE_NO_WARNINGS. See online help for details.
                 d:\program files\microsoft visual studio 10.0\vc\include\stdio.h(371) : 参见“sprintf”的声明
     1>d:\stking_lc\netts\twsocket.cpp(298): warning C4996: 'strncpy': This function or variable may be unsafe. Consider using strncpy_s instead. To disable deprecation, use _CRT_SECURE_NO_WARNINGS. See online help for details.
                 d:\program files\microsoft visual studio 10.0\vc\include\string.h(188) : 参见“strncpy”的声明
     1>d:\stking_lc\netts\twsocket.cpp(300): warning C4996: 'strncpy': This function or variable may be unsafe. Consider using strncpy_s instead. To disable deprecation, use _CRT_SECURE_NO_WARNINGS. See online help for details.
                 d:\program files\microsoft visual studio 10.0\vc\include\string.h(188) : 参见“strncpy”的声明
     1>d:\stking_lc\netts\twsocket.cpp(646): warning C4996: 'sprintf': This function or variable may be unsafe. Consider using sprintf_s instead. To disable deprecation, use _CRT_SECURE_NO_WARNINGS. See online help for details.
                 d:\program files\microsoft visual studio 10.0\vc\include\stdio.h(371) : 参见“sprintf”的声明
     1>d:\stking_lc\netts\twsocket.cpp(655): warning C4996: 'sprintf': This function or variable may be unsafe. Consider using sprintf_s instead. To disable deprecation, use _CRT_SECURE_NO_WARNINGS. See online help for details.
                 d:\program files\microsoft visual studio 10.0\vc\include\stdio.h(371) : 参见“sprintf”的声明
         正在生成代码...
       ResourceCompile:
         C:\Program Files\Microsoft SDKs\Windows\v7.0A\bin\rc.exe /D _DEBUG /D _VC80_UPGRADE=0x0710 /D _AFXDLL /l"0x0804" /nologo /fo".\Debug\NetTS.res" NetTS.rc 
     1>C:\Program Files\MSBuild\Microsoft.Cpp\v4.0\Microsoft.CppBuild.targets(990,5): warning MSB8012: TargetPath(D:\STKing_lc\NetTS\.\Debug\NetTS.dll) 与 Linker 的 OutputFile 属性值(D:\STKing_lc\Bin\NetTS.dll)不匹配。这可能导致项目生成不正确。若要更正此问题，请确保 $(OutDir)、$(TargetName) 和 $(TargetExt) 属性值与 %(Link.OutputFile) 中指定的值匹配。
       Link:
         D:\Program Files\Microsoft Visual Studio 10.0\VC\bin\link.exe /ERRORREPORT:PROMPT /OUT:"../Bin/NetTS.dll" /INCREMENTAL:NO /NOLOGO Wininet.lib /DEF:".\NetTS.def" /MANIFEST /ManifestFile:".\Debug\NetTS.dll.intermediate.manifest" /MANIFESTUAC:"level='asInvoker' uiAccess='false'" /DEBUG /PDB:".\Debug/NetTS.pdb" /SUBSYSTEM:WINDOWS /TLBID:1 /DYNAMICBASE:NO /IMPLIB:".\Debug/NetTS.lib" /MACHINE:X86 /DLL .\Debug\NetTS.res
         .\Debug/base64.obj
         .\Debug/EditSrvDlg.obj
         .\Debug/NetTS.obj
         .\Debug/ProxySetDlg.obj
         .\Debug/ProxySocket.obj
         .\Debug/QSProfile.obj
         .\Debug/SelectSrvDlg.obj
         .\Debug/SpTime.obj
         .\Debug/StdAfx.obj
         .\Debug/Stockdrv.obj
         .\Debug/tracetool.obj
         .\Debug/TSCache.obj
         .\Debug/TSWnd.obj
         .\Debug/TW.obj
         .\Debug/TWSocket.obj
     1>base64.obj : warning LNK4075: 忽略“/EDITANDCONTINUE”(由于“/INCREMENTAL:NO”规范)
            正在创建库 .\Debug/NetTS.lib 和对象 .\Debug/NetTS.exp
         NetTS_vc90.vcxproj -> D:\STKing_lc\NetTS\.\Debug\NetTS.dll
       Manifest:
         C:\Program Files\Microsoft SDKs\Windows\v7.0A\bin\mt.exe /nologo /verbose /outputresource:"../Bin/NetTS.dll;#2" /manifest .\Debug\NetTS.dll.intermediate.manifest "D:\Program Files\Microsoft Visual Studio 10.0\VC\Include\Manifest\dpiaware.manifest"
       BscMake:
         D:\Program Files\Microsoft Visual Studio 10.0\VC\bin\bscmake.exe /nologo /o".\Debug\NetTS.bsc" .\Debug\base64.sbr .\Debug\EditSrvDlg.sbr .\Debug\NetTS.sbr .\Debug\ProxySetDlg.sbr .\Debug\ProxySocket.sbr .\Debug\QSProfile.sbr .\Debug\SelectSrvDlg.sbr .\Debug\SpTime.sbr .\Debug\StdAfx.sbr .\Debug\Stockdrv.sbr .\Debug\tracetool.sbr .\Debug\TSCache.sbr .\Debug\TSWnd.sbr .\Debug\TW.sbr .\Debug\TWSocket.sbr
       FinalizeBuildStatus:
         正在删除文件“.\Debug\NetTS.unsuccessfulbuild”。
         正在对“.\Debug\NetTS.lastbuildstate”执行 Touch 任务。
     1>已完成生成项目“D:\STKing_lc\NetTS\NetTS_vc90.vcxproj”(build 个目标)的操作。

生成成功。

已用时间 00:00:29.21
