生成启动时间为 2011-10-3 22:46:09。
     1>项目“D:\STKing_lc\StkNet\Src\StkNet_vc90.vcxproj”在节点 3 上(build 个目标)。
     1>InitializeBuildStatus:
         正在创建“.\Debug\StkNet.unsuccessfulbuild”，因为已指定“AlwaysCreate”。
       ClCompile:
         D:\Program Files\Microsoft Visual Studio 10.0\VC\bin\CL.exe /c /I../Include /ZI /nologo /W3 /WX- /Od /Oy- /D WIN32 /D _DEBUG /D _WINDOWS /D _AFXEXT /D STKNET_DLL /D _USE_32BIT_TIME_T /D _VC80_UPGRADE=0x0710 /D _WINDLL /D _MBCS /D _AFXDLL /Gm- /EHsc /RTC1 /MDd /GS /fp:precise /Zc:wchar_t /Zc:forScope /Yc"stdafx.h" /Fp".\Debug/StkNet.pch" /Fo".\Debug/" /Fd".\Debug/vc100.pdb" /FR".\Debug\\" /Gd /TP /analyze- /errorReport:prompt StdAfx.cpp
         StdAfx.cpp
         Automatically linking with StkLib30d.dll
         D:\Program Files\Microsoft Visual Studio 10.0\VC\bin\CL.exe /c /I../Include /ZI /nologo /W3 /WX- /Od /Oy- /D WIN32 /D _DEBUG /D _WINDOWS /D _AFXEXT /D STKNET_DLL /D _USE_32BIT_TIME_T /D _VC80_UPGRADE=0x0710 /D _WINDLL /D _MBCS /D _AFXDLL /Gm- /EHsc /RTC1 /MDd /GS /fp:precise /Zc:wchar_t /Zc:forScope /Yu"stdafx.h" /Fp".\Debug/StkNet.pch" /Fo".\Debug/" /Fd".\Debug/vc100.pdb" /FR".\Debug\\" /Gd /TP /analyze- /errorReport:prompt AfxCore.cpp EditSrvDlg.cpp HttpClt.cpp InfoZip.cpp MUtils\Base64Helper.cpp Markup.cpp NetDB.cpp ProxySetDlg.cpp ProxySocket.cpp QSProfile.cpp SMailer\SMailer.cpp STKDRV.cpp STKDRVContainer.cpp Secret.cpp SelectEngineDlg.cpp StartupDlg.cpp StkNet.cpp StkReceiver.cpp Strings.cpp Tongshi.cpp XMLDoc.cpp base64.cpp
         AfxCore.cpp
         EditSrvDlg.cpp
         HttpClt.cpp
         InfoZip.cpp
         Base64Helper.cpp
         Markup.cpp
         NetDB.cpp
         ProxySetDlg.cpp
         ProxySocket.cpp
         QSProfile.cpp
         SMailer.cpp
         STKDRV.cpp
         STKDRVContainer.cpp
         Secret.cpp
         SelectEngineDlg.cpp
         StartupDlg.cpp
         StkNet.cpp
         StkReceiver.cpp
         Strings.cpp
         Tongshi.cpp
         正在生成代码...
         正在编译...
         XMLDoc.cpp
         base64.cpp
         正在生成代码...
       ResourceCompile:
         所有输出均为最新。
       ManifestResourceCompile:
         所有输出均为最新。
     1>C:\Program Files\MSBuild\Microsoft.Cpp\v4.0\Microsoft.CppBuild.targets(990,5): warning MSB8012: TargetPath(D:\STKing_lc\StkNet\Src\.\Debug\StkNet.dll) 与 Linker 的 OutputFile 属性值(D:\STKing_lc\Bin\StkNet30D.dll)不匹配。这可能导致项目生成不正确。若要更正此问题，请确保 $(OutDir)、$(TargetName) 和 $(TargetExt) 属性值与 %(Link.OutputFile) 中指定的值匹配。
     1>C:\Program Files\MSBuild\Microsoft.Cpp\v4.0\Microsoft.CppBuild.targets(992,5): warning MSB8012: TargetName(StkNet) 与 Linker 的 OutputFile 属性值(StkNet30D)不匹配。这可能导致项目生成不正确。若要更正此问题，请确保 $(OutDir)、$(TargetName) 和 $(TargetExt) 属性值与 %(Link.OutputFile) 中指定的值匹配。
       Link:
         D:\Program Files\Microsoft Visual Studio 10.0\VC\bin\link.exe /ERRORREPORT:PROMPT /OUT:"../../Bin/StkNet30D.dll" /INCREMENTAL /NOLOGO /LIBPATH:..\..\Lib /DEF:".\StkNet.def" /MANIFEST /ManifestFile:".\Debug\StkNet.dll.intermediate.manifest" /MANIFESTUAC:"level='asInvoker' uiAccess='false'" /DEBUG /PDB:"D:\STKing_lc\StkNet\Src\Debug\StkNet.pdb" /SUBSYSTEM:WINDOWS /TLBID:1 /DYNAMICBASE /NXCOMPAT /IMPLIB:"..\..\Lib\StkNet30D.lib" /MACHINE:X86 /DLL .\Debug\StkNet.res
         .\Debug\StkNet.dll.embed.manifest.res
         .\Debug/AfxCore.obj
         .\Debug/base64.obj
         .\Debug/EditSrvDlg.obj
         .\Debug/HttpClt.obj
         .\Debug/InfoZip.obj
         .\Debug/Markup.obj
         .\Debug/NetDB.obj
         .\Debug/ProxySetDlg.obj
         .\Debug/ProxySocket.obj
         .\Debug/QSProfile.obj
         .\Debug/Secret.obj
         .\Debug/StartupDlg.obj
         .\Debug/StdAfx.obj
         .\Debug/StkNet.obj
         .\Debug/Strings.obj
         .\Debug/XMLDoc.obj
         .\Debug/SelectEngineDlg.obj
         .\Debug/StkReceiver.obj
         .\Debug/Base64Helper.obj
         .\Debug/SMailer.obj
         .\Debug/STKDRV.obj
         .\Debug/STKDRVContainer.obj
         .\Debug/Tongshi.obj
         D:\STKing_lc\Lib\StkLib30D.lib
       Manifest:
         C:\Program Files\Microsoft SDKs\Windows\v7.0A\bin\mt.exe /nologo /verbose /out:".\Debug\StkNet.dll.embed.manifest" /manifest .\Debug\StkNet.dll.intermediate.manifest "D:\Program Files\Microsoft Visual Studio 10.0\VC\Include\Manifest\dpiaware.manifest"
         所有输出均为最新。
       LinkEmbedManifest:
         所有输出均为最新。
         StkNet_vc90.vcxproj -> D:\STKing_lc\StkNet\Src\.\Debug\StkNet.dll
       BscMake:
         D:\Program Files\Microsoft Visual Studio 10.0\VC\bin\bscmake.exe /nologo /o".\Debug\StkNet.bsc" .\Debug\AfxCore.sbr .\Debug\base64.sbr .\Debug\EditSrvDlg.sbr .\Debug\HttpClt.sbr .\Debug\InfoZip.sbr .\Debug\Markup.sbr .\Debug\NetDB.sbr .\Debug\ProxySetDlg.sbr .\Debug\ProxySocket.sbr .\Debug\QSProfile.sbr .\Debug\Secret.sbr .\Debug\StartupDlg.sbr .\Debug\StdAfx.sbr .\Debug\StkNet.sbr .\Debug\Strings.sbr .\Debug\XMLDoc.sbr .\Debug\SelectEngineDlg.sbr .\Debug\StkReceiver.sbr .\Debug\Base64Helper.sbr .\Debug\SMailer.sbr .\Debug\STKDRV.sbr .\Debug\STKDRVContainer.sbr .\Debug\Tongshi.sbr
       FinalizeBuildStatus:
         正在删除文件“.\Debug\StkNet.unsuccessfulbuild”。
         正在对“.\Debug\StkNet.lastbuildstate”执行 Touch 任务。
     1>已完成生成项目“D:\STKing_lc\StkNet\Src\StkNet_vc90.vcxproj”(build 个目标)的操作。

生成成功。

已用时间 00:00:22.37
