生成启动时间为 2011-10-3 22:45:08。
     1>项目“D:\STKing_lc\StkLib\Src\StkLib_vc90.vcxproj”在节点 2 上(build 个目标)。
     1>InitializeBuildStatus:
         正在创建“.\Debug\StkLib.unsuccessfulbuild”，因为已指定“AlwaysCreate”。
       ClCompile:
         D:\Program Files\Microsoft Visual Studio 10.0\VC\bin\CL.exe /c /I../Include /ZI /nologo /W3 /WX- /Od /Oy- /D WIN32 /D _DEBUG /D _WINDOWS /D _AFXDLL /D _USRDLL /D STKLIB_DLL /D _USE_32BIT_TIME_T /D _VC80_UPGRADE=0x0710 /D _WINDLL /D _MBCS /Gm- /EHsc /RTC1 /MTd /GS /fp:precise /Zc:wchar_t /Zc:forScope /Fo".\Debug/" /Fd".\Debug/vc100.pdb" /FR".\Debug\\" /Gd /TP /analyze- /errorReport:prompt AfxCore.cpp Alarm.cpp BaseData.cpp Boyermor.cpp CommFuns.cpp Container.cpp DRData.cpp Database.cpp DayTrader.cpp Express.cpp IMCode.cpp KData.cpp MathParser.cpp Minute.cpp Outline.cpp Packets.cpp Profile.cpp QianLong.cpp Report.cpp SelfDB.cpp ShengLong.cpp SpArchive.cpp SpAssert.cpp SpColl.cpp SpDebug.cpp SpFile.cpp SpMemory.cpp SpObject.cpp SpString.cpp SpTime.cpp SpValid.cpp StStore.cpp StdAfx.cpp StkLib.cpp Stock.cpp Strategy.cpp Strings.cpp TechCLK.cpp TechEnergy.cpp TechKLine.cpp TechOther.cpp TechSwing.cpp TechTrend.cpp TechUser.cpp Technique.cpp strptime.cpp
         AfxCore.cpp
         Alarm.cpp
         BaseData.cpp
         Boyermor.cpp
         CommFuns.cpp
         Container.cpp
         DRData.cpp
         Database.cpp
         DayTrader.cpp
         Express.cpp
         IMCode.cpp
         KData.cpp
         MathParser.cpp
     1>d:\stking_lc\stklib\src\mathparser.cpp : warning C4819: 该文件包含不能在当前代码页(936)中表示的字符。请将该文件保存为 Unicode 格式以防止数据丢失
         Minute.cpp
         Outline.cpp
         Packets.cpp
         Profile.cpp
         QianLong.cpp
         Report.cpp
         SelfDB.cpp
         正在生成代码...
         正在编译...
         ShengLong.cpp
         SpArchive.cpp
     1>d:\stking_lc\stklib\include\sparchive.inl(84): warning C4101: “tmt”: 未引用的局部变量
         SpAssert.cpp
         SpColl.cpp
         SpDebug.cpp
         SpFile.cpp
         SpMemory.cpp
         SpObject.cpp
         SpString.cpp
         SpTime.cpp
         SpValid.cpp
         StStore.cpp
         StdAfx.cpp
         StkLib.cpp
         Stock.cpp
         Strategy.cpp
         Strings.cpp
         TechCLK.cpp
         TechEnergy.cpp
         TechKLine.cpp
         正在生成代码...
         正在编译...
         TechOther.cpp
         TechSwing.cpp
         TechTrend.cpp
         TechUser.cpp
         Technique.cpp
         strptime.cpp
         正在生成代码...
       ResourceCompile:
         所有输出均为最新。
       ManifestResourceCompile:
         所有输出均为最新。
     1>C:\Program Files\MSBuild\Microsoft.Cpp\v4.0\Microsoft.CppBuild.targets(990,5): warning MSB8012: TargetPath(D:\STKing_lc\StkLib\Src\.\Debug\StkLib.dll) 与 Linker 的 OutputFile 属性值(D:\STKing_lc\Bin\StkLib30D.dll)不匹配。这可能导致项目生成不正确。若要更正此问题，请确保 $(OutDir)、$(TargetName) 和 $(TargetExt) 属性值与 %(Link.OutputFile) 中指定的值匹配。
     1>C:\Program Files\MSBuild\Microsoft.Cpp\v4.0\Microsoft.CppBuild.targets(992,5): warning MSB8012: TargetName(StkLib) 与 Linker 的 OutputFile 属性值(StkLib30D)不匹配。这可能导致项目生成不正确。若要更正此问题，请确保 $(OutDir)、$(TargetName) 和 $(TargetExt) 属性值与 %(Link.OutputFile) 中指定的值匹配。
       Link:
         D:\Program Files\Microsoft Visual Studio 10.0\VC\bin\link.exe /ERRORREPORT:PROMPT /OUT:"../../Bin/StkLib30D.dll" /INCREMENTAL /NOLOGO kernel32.lib user32.lib gdi32.lib winspool.lib comdlg32.lib advapi32.lib shell32.lib ole32.lib oleaut32.lib uuid.lib odbc32.lib odbccp32.lib /DEF:".\StkLib.def" /MANIFEST /ManifestFile:".\Debug\StkLib.dll.intermediate.manifest" /MANIFESTUAC:"level='asInvoker' uiAccess='false'" /DEBUG /PDB:"D:\STKing_lc\StkLib\Src\Debug\StkLib.pdb" /TLBID:1 /DYNAMICBASE /NXCOMPAT /IMPLIB:"..\..\Lib\StkLib30D.lib" /MACHINE:X86 /DLL .\Debug\StkLib.res
         .\Debug\StkLib.dll.embed.manifest.res
         .\Debug/AfxCore.obj
         .\Debug/Alarm.obj
         .\Debug/BaseData.obj
         .\Debug/Boyermor.obj
         .\Debug/CommFuns.obj
         .\Debug/Container.obj
         .\Debug/Database.obj
         .\Debug/DayTrader.obj
         .\Debug/DRData.obj
         .\Debug/Express.obj
         .\Debug/IMCode.obj
         .\Debug/KData.obj
         .\Debug/MathParser.obj
         .\Debug/Minute.obj
         .\Debug/Outline.obj
         .\Debug/Packets.obj
         .\Debug/Profile.obj
         .\Debug/QianLong.obj
         .\Debug/Report.obj
         .\Debug/SelfDB.obj
         .\Debug/ShengLong.obj
         .\Debug/StdAfx.obj
         .\Debug/StkLib.obj
         .\Debug/Stock.obj
         .\Debug/Strategy.obj
         .\Debug/Strings.obj
         .\Debug/strptime.obj
         .\Debug/StStore.obj
         .\Debug/TechCLK.obj
         .\Debug/TechEnergy.obj
         .\Debug/TechKLine.obj
         .\Debug/Technique.obj
         .\Debug/TechOther.obj
         .\Debug/TechSwing.obj
         .\Debug/TechTrend.obj
         .\Debug/TechUser.obj
         .\Debug/SpArchive.obj
         .\Debug/SpAssert.obj
         .\Debug/SpColl.obj
         .\Debug/SpDebug.obj
         .\Debug/SpFile.obj
         .\Debug/SpMemory.obj
         .\Debug/SpObject.obj
         .\Debug/SpString.obj
         .\Debug/SpTime.obj
         .\Debug/SpValid.obj
       Manifest:
         C:\Program Files\Microsoft SDKs\Windows\v7.0A\bin\mt.exe /nologo /verbose /out:".\Debug\StkLib.dll.embed.manifest" /manifest .\Debug\StkLib.dll.intermediate.manifest
         所有输出均为最新。
       LinkEmbedManifest:
         所有输出均为最新。
         StkLib_vc90.vcxproj -> D:\STKing_lc\StkLib\Src\.\Debug\StkLib.dll
       BscMake:
         D:\Program Files\Microsoft Visual Studio 10.0\VC\bin\bscmake.exe /nologo /o".\Debug\StkLib.bsc" .\Debug\AfxCore.sbr .\Debug\Alarm.sbr .\Debug\BaseData.sbr .\Debug\Boyermor.sbr .\Debug\CommFuns.sbr .\Debug\Container.sbr .\Debug\Database.sbr .\Debug\DayTrader.sbr .\Debug\DRData.sbr .\Debug\Express.sbr .\Debug\IMCode.sbr .\Debug\KData.sbr .\Debug\MathParser.sbr .\Debug\Minute.sbr .\Debug\Outline.sbr .\Debug\Packets.sbr .\Debug\Profile.sbr .\Debug\QianLong.sbr .\Debug\Report.sbr .\Debug\SelfDB.sbr .\Debug\ShengLong.sbr .\Debug\StdAfx.sbr .\Debug\StkLib.sbr .\Debug\Stock.sbr .\Debug\Strategy.sbr .\Debug\Strings.sbr .\Debug\strptime.sbr .\Debug\StStore.sbr .\Debug\TechCLK.sbr .\Debug\TechEnergy.sbr .\Debug\TechKLine.sbr .\Debug\Technique.sbr .\Debug\TechOther.sbr .\Debug\TechSwing.sbr .\Debug\TechTrend.sbr .\Debug\TechUser.sbr .\Debug\SpArchive.sbr .\Debug\SpAssert.sbr .\Debug\SpColl.sbr .\Debug\SpDebug.sbr .\Debug\SpFile.sbr .\Debug\SpMemory.sbr .\Debug\SpObject.sbr .\Debug\SpString.sbr .\Debug\SpTime.sbr .\Debug\SpValid.sbr
       FinalizeBuildStatus:
         正在删除文件“.\Debug\StkLib.unsuccessfulbuild”。
         正在对“.\Debug\StkLib.lastbuildstate”执行 Touch 任务。
     1>已完成生成项目“D:\STKing_lc\StkLib\Src\StkLib_vc90.vcxproj”(build 个目标)的操作。

生成成功。

已用时间 00:01:00.29
