生成启动时间为 2011-10-3 22:46:31。
     1>项目“D:\STKing_lc\StkUI\StkUI_vc90.vcxproj”在节点 3 上(build 个目标)。
     1>InitializeBuildStatus:
         正在创建“.\Debug\StkUI.unsuccessfulbuild”，因为已指定“AlwaysCreate”。
       ClCompile:
         D:\Program Files\Microsoft Visual Studio 10.0\VC\bin\CL.exe /c /ZI /nologo /W3 /WX- /Od /Oy- /D WIN32 /D _DEBUG /D _WINDOWS /D _TSK_MAINFRAME /D _USE_32BIT_TIME_T /D _VC80_UPGRADE=0x0710 /D _MBCS /D _AFXDLL /Gm- /EHsc /RTC1 /MDd /GS /fp:precise /Zc:wchar_t /Zc:forScope /Yc"stdafx.h" /Fp".\Debug/StkUI.pch" /Fo".\Debug/" /Fd".\Debug/vc100.pdb" /FR".\Debug\\" /Gd /TP /analyze- /errorReport:prompt StdAfx.cpp
         StdAfx.cpp
         Automatically linking with XPFaced.dll
         Automatically linking with StkLib30d.dll
         Automatically linking with StkNet30D.dll
         D:\Program Files\Microsoft Visual Studio 10.0\VC\bin\CL.exe /c /ZI /nologo /W3 /WX- /Od /Oy- /D WIN32 /D _DEBUG /D _WINDOWS /D _TSK_MAINFRAME /D _USE_32BIT_TIME_T /D _VC80_UPGRADE=0x0710 /D _MBCS /D _AFXDLL /Gm- /EHsc /RTC1 /MDd /GS /fp:precise /Zc:wchar_t /Zc:forScope /Yu"stdafx.h" /Fp".\Debug/StkUI.pch" /Fo".\Debug/" /Fd".\Debug/vc100.pdb" /FR".\Debug\\" /Gd /TP /analyze- /errorReport:prompt AfxCore.cpp ChildFrm.cpp Dialog\BaseIndexDlg.cpp Dialog\CloseStrategyDlg.cpp Dialog\DataSrcDlg.cpp Dialog\DownloadDlg.cpp Dialog\EditKDATADlg.cpp Dialog\ExportDest.cpp Dialog\ExportOption.cpp Dialog\FilterInfoDlg.cpp Dialog\InstallPacDlg.cpp Dialog\ListExportDlg.cpp Dialog\MyExcel.cpp Dialog\MyExcelReadDlg.cpp Dialog\NetInfoDlg.cpp Dialog\SelectGrpDlg.cpp Dialog\SelectStk.cpp Dialog\SelectTraderDlg.cpp Dialog\SetBaseDlg.cpp Dialog\SetColorDlg.cpp Dialog\SetColumnDlg.cpp Dialog\SetDrdataDlg.cpp Dialog\SetGroupDlg.cpp Dialog\SetKDataDlg.cpp Dialog\SetPrpt.cpp Dialog\SetRate.cpp Dialog\SetRule.cpp Dialog\SimuAddOpDlg.cpp Dialog\SimuAddStockDlg.cpp Dialog\SimuAdvancedDlg.cpp Dialog\SimuRealOp.cpp Dialog\SimuReport.cpp Dialog\SimuStatDlg.cpp Dialog\TyDataDlg.cpp Dialog\UpgradeDlg.cpp Dialog\excel9.cpp GridCtrl.cpp GridDropTarget.cpp InPlaceEdit.cpp InPlaceList.cpp MainFrm.cpp ParamDlg\36BIASDlg.cpp ParamDlg\ADDlg.cpp ParamDlg\ARBRDlg.cpp ParamDlg\ASIDlg.cpp ParamDlg\ATRDlg.cpp ParamDlg\BBIDlg.cpp ParamDlg\BIASDlg.cpp ParamDlg\BOLLDlg.cpp ParamDlg\CCIDlg.cpp ParamDlg\CDPDlg.cpp ParamDlg\CIDlg.cpp ParamDlg\CRDlg.cpp ParamDlg\CVDlg.cpp ParamDlg\CWDlg.cpp ParamDlg\CYODlg.cpp ParamDlg\DCYODlg.cpp ParamDlg\DJDlg.cpp ParamDlg\DMIDlg.cpp ParamDlg\DMKIDlg.cpp ParamDlg\DPERDlg.cpp ParamDlg\DPODlg.cpp ParamDlg\EMVDlg.cpp ParamDlg\HLCDlg.cpp ParamDlg\HSLDlg.cpp ParamDlg\KDJDlg.cpp ParamDlg\KSTDlg.cpp ParamDlg\MACDDlg.cpp ParamDlg\MADlg.cpp ParamDlg\MAOSCDlg.cpp ParamDlg\MFIDlg.cpp ParamDlg\MIKEDlg.cpp ParamDlg\MOBVDlg.cpp ParamDlg\MTMDlg.cpp ParamDlg\NVIDlg.cpp ParamDlg\NVRSIDlg.cpp ParamDlg\OBVDlg.cpp ParamDlg\OSCDlg.cpp ParamDlg\PCNTDlg.cpp ParamDlg\PSYDlg.cpp ParamDlg\PVDlg.cpp ParamDlg\PVIDlg.cpp ParamDlg\RDlg.cpp ParamDlg\REIDlg.cpp ParamDlg\ROCDlg.cpp ParamDlg\RSIDlg.cpp ParamDlg\SARDlg.cpp ParamDlg\SetParamDlg.cpp ParamDlg\UOSDlg.cpp ParamDlg\VMACDDlg.cpp ParamDlg\VRDlg.cpp ParamDlg\VROCDlg.cpp ParamDlg\VRSIDlg.cpp ParamDlg\VolumeDlg.cpp ParamDlg\WVADDlg.cpp SListCombos.cpp StaticDoc.cpp StkUI.cpp TSKStatusBar.cpp TSKTabControl.cpp TSKTabManager.cpp TitleTip.cpp View\BaseView.cpp View\DrawTech.cpp View\GraphView.cpp View\GroupView.cpp View\InfoView.cpp View\MultiSort.cpp View\MultiSortView.cpp View\RealTime.cpp View\RealTimeView.cpp View\SListView.cpp View\SelectorView.cpp View\SimuView.cpp View\Simulation.cpp View\StockGraph.cpp View\StrategyView.cpp View\TechsView.cpp View\WizardView.cpp
         AfxCore.cpp
         ChildFrm.cpp
     1>d:\stking_lc\stkui\childfrm.cpp(156): warning C4018: “<”: 有符号/无符号不匹配
         BaseIndexDlg.cpp
         CloseStrategyDlg.cpp
         DataSrcDlg.cpp
         DownloadDlg.cpp
         EditKDATADlg.cpp
         ExportDest.cpp
         ExportOption.cpp
         FilterInfoDlg.cpp
         InstallPacDlg.cpp
         ListExportDlg.cpp
         MyExcel.cpp
         MyExcelReadDlg.cpp
         NetInfoDlg.cpp
         SelectGrpDlg.cpp
         SelectStk.cpp
         SelectTraderDlg.cpp
         SetBaseDlg.cpp
         SetColorDlg.cpp
         正在生成代码...
         正在编译...
         SetColumnDlg.cpp
         SetDrdataDlg.cpp
         SetGroupDlg.cpp
         SetKDataDlg.cpp
         SetPrpt.cpp
         SetRate.cpp
         SetRule.cpp
         SimuAddOpDlg.cpp
         SimuAddStockDlg.cpp
         SimuAdvancedDlg.cpp
         SimuRealOp.cpp
         SimuReport.cpp
         SimuStatDlg.cpp
         TyDataDlg.cpp
         UpgradeDlg.cpp
         excel9.cpp
         GridCtrl.cpp
         GridDropTarget.cpp
         InPlaceEdit.cpp
         InPlaceList.cpp
         正在生成代码...
         正在编译...
         MainFrm.cpp
     1>d:\stking_lc\stkui\mainfrm.cpp(785): warning C4018: “<”: 有符号/无符号不匹配
     1>d:\stking_lc\stkui\mainfrm.cpp(829): warning C4018: “<”: 有符号/无符号不匹配
         36BIASDlg.cpp
         ADDlg.cpp
         ARBRDlg.cpp
         ASIDlg.cpp
         ATRDlg.cpp
         BBIDlg.cpp
         BIASDlg.cpp
         BOLLDlg.cpp
         CCIDlg.cpp
         CDPDlg.cpp
         CIDlg.cpp
         CRDlg.cpp
         CVDlg.cpp
         CWDlg.cpp
         CYODlg.cpp
         DCYODlg.cpp
         DJDlg.cpp
         DMIDlg.cpp
         DMKIDlg.cpp
         正在生成代码...
         正在编译...
         DPERDlg.cpp
         DPODlg.cpp
         EMVDlg.cpp
         HLCDlg.cpp
         HSLDlg.cpp
         KDJDlg.cpp
         KSTDlg.cpp
         MACDDlg.cpp
         MADlg.cpp
         MAOSCDlg.cpp
         MFIDlg.cpp
         MIKEDlg.cpp
         MOBVDlg.cpp
         MTMDlg.cpp
         NVIDlg.cpp
         NVRSIDlg.cpp
         OBVDlg.cpp
         OSCDlg.cpp
         PCNTDlg.cpp
         PSYDlg.cpp
         正在生成代码...
         正在编译...
         PVDlg.cpp
         PVIDlg.cpp
         RDlg.cpp
         REIDlg.cpp
         ROCDlg.cpp
         RSIDlg.cpp
         SARDlg.cpp
         SetParamDlg.cpp
         UOSDlg.cpp
         VMACDDlg.cpp
         VRDlg.cpp
         VROCDlg.cpp
         VRSIDlg.cpp
         VolumeDlg.cpp
         WVADDlg.cpp
         SListCombos.cpp
         StaticDoc.cpp
         StkUI.cpp
         TSKStatusBar.cpp
         TSKTabControl.cpp
         正在生成代码...
         正在编译...
         TSKTabManager.cpp
         TitleTip.cpp
         BaseView.cpp
         DrawTech.cpp
         GraphView.cpp
         GroupView.cpp
         InfoView.cpp
         MultiSort.cpp
         MultiSortView.cpp
         RealTime.cpp
         RealTimeView.cpp
         SListView.cpp
         SelectorView.cpp
         SimuView.cpp
         Simulation.cpp
         StockGraph.cpp
         StrategyView.cpp
         TechsView.cpp
         WizardView.cpp
         正在生成代码...
         D:\Program Files\Microsoft Visual Studio 10.0\VC\bin\CL.exe /c /I.. /ZI /nologo /W3 /WX- /Od /Oy- /D WIN32 /D _DEBUG /D _WINDOWS /D _TSK_MAINFRAME /D _USE_32BIT_TIME_T /D _VC80_UPGRADE=0x0710 /D _MBCS /D _AFXDLL /Gm- /EHsc /RTC1 /MDd /GS /fp:precise /Zc:wchar_t /Zc:forScope /Yu"stdafx.h" /Fp".\Debug/StkUI.pch" /Fo".\Debug/" /Fd".\Debug/vc100.pdb" /FR".\Debug\\" /Gd /TP /analyze- /errorReport:prompt Dialog\AlarmResultDlg.cpp Dialog\AlarmSettingDlg.cpp Dialog\CacheLoadDlg.cpp Dialog\SetBasedataDlg.cpp
         AlarmResultDlg.cpp
         AlarmSettingDlg.cpp
         CacheLoadDlg.cpp
         SetBasedataDlg.cpp
         正在生成代码...
       ResourceCompile:
         所有输出均为最新。
       ManifestResourceCompile:
         所有输出均为最新。
     1>C:\Program Files\MSBuild\Microsoft.Cpp\v4.0\Microsoft.CppBuild.targets(990,5): warning MSB8012: TargetPath(D:\STKing_lc\StkUI\.\Debug\StkUI.exe) 与 Linker 的 OutputFile 属性值(D:\STKing_lc\Bin\StkUI.exe)不匹配。这可能导致项目生成不正确。若要更正此问题，请确保 $(OutDir)、$(TargetName) 和 $(TargetExt) 属性值与 %(Link.OutputFile) 中指定的值匹配。
       Link:
         D:\Program Files\Microsoft Visual Studio 10.0\VC\bin\link.exe /ERRORREPORT:PROMPT /OUT:"../Bin/StkUI.exe" /INCREMENTAL /NOLOGO /LIBPATH:..\Lib htmlhelp/htmlhelp.lib /MANIFEST /ManifestFile:".\Debug\StkUI.exe.intermediate.manifest" /MANIFESTUAC:"level='asInvoker' uiAccess='false'" /DEBUG /PDB:".\Debug/StockAna.pdb" /SUBSYSTEM:WINDOWS /TLBID:1 /DYNAMICBASE /NXCOMPAT /IMPLIB:".\Debug\StkUI.lib" /MACHINE:X86 .\Debug\StkUI.res
         .\Debug\StkUI.exe.embed.manifest.res
         .\Debug/AfxCore.obj
         .\Debug/ChildFrm.obj
         .\Debug/excel9.obj
         .\Debug/MyExcel.obj
         .\Debug/MyExcelReadDlg.obj
         .\Debug/GridCtrl.obj
         .\Debug/GridDropTarget.obj
         .\Debug/InPlaceEdit.obj
         .\Debug/InPlaceList.obj
         .\Debug/MainFrm.obj
         .\Debug/SListCombos.obj
         .\Debug/StaticDoc.obj
         .\Debug/StdAfx.obj
         .\Debug/StkUI.obj
         .\Debug/TitleTip.obj
         .\Debug/TSKStatusBar.obj
         .\Debug/TSKTabControl.obj
         .\Debug/TSKTabManager.obj
         .\Debug/36BIASDlg.obj
         .\Debug/ADDlg.obj
         .\Debug/ARBRDlg.obj
         .\Debug/ASIDlg.obj
         .\Debug/ATRDlg.obj
         .\Debug/BBIDlg.obj
         .\Debug/BIASDlg.obj
         .\Debug/BOLLDlg.obj
         .\Debug/CCIDlg.obj
         .\Debug/CDPDlg.obj
         .\Debug/CIDlg.obj
         .\Debug/CRDlg.obj
         .\Debug/CVDlg.obj
         .\Debug/CWDlg.obj
         .\Debug/CYODlg.obj
         .\Debug/DCYODlg.obj
         .\Debug/DJDlg.obj
         .\Debug/DMIDlg.obj
         .\Debug/DMKIDlg.obj
         .\Debug/DPERDlg.obj
         .\Debug/DPODlg.obj
         .\Debug/EMVDlg.obj
         .\Debug/HLCDlg.obj
         .\Debug/HSLDlg.obj
         .\Debug/KDJDlg.obj
         .\Debug/KSTDlg.obj
         .\Debug/MACDDlg.obj
         .\Debug/MADlg.obj
         .\Debug/MAOSCDlg.obj
         .\Debug/MFIDlg.obj
         .\Debug/MIKEDlg.obj
         .\Debug/MOBVDlg.obj
         .\Debug/MTMDlg.obj
         .\Debug/NVIDlg.obj
         .\Debug/NVRSIDlg.obj
         .\Debug/OBVDlg.obj
         .\Debug/OSCDlg.obj
         .\Debug/PCNTDlg.obj
         .\Debug/PSYDlg.obj
         .\Debug/PVDlg.obj
         .\Debug/PVIDlg.obj
         .\Debug/RDlg.obj
         .\Debug/REIDlg.obj
         .\Debug/ROCDlg.obj
         .\Debug/RSIDlg.obj
         .\Debug/SARDlg.obj
         .\Debug/SetParamDlg.obj
         .\Debug/UOSDlg.obj
         .\Debug/VMACDDlg.obj
         .\Debug/VolumeDlg.obj
         .\Debug/VRDlg.obj
         .\Debug/VROCDlg.obj
         .\Debug/VRSIDlg.obj
         .\Debug/WVADDlg.obj
         .\Debug/BaseView.obj
         .\Debug/DrawTech.obj
         .\Debug/GraphView.obj
         .\Debug/GroupView.obj
         .\Debug/InfoView.obj
         .\Debug/MultiSort.obj
         .\Debug/MultiSortView.obj
         .\Debug/RealTime.obj
         .\Debug/RealTimeView.obj
         .\Debug/SelectorView.obj
         .\Debug/Simulation.obj
         .\Debug/SimuView.obj
         .\Debug/SListView.obj
         .\Debug/StockGraph.obj
         .\Debug/StrategyView.obj
         .\Debug/TechsView.obj
         .\Debug/WizardView.obj
         .\Debug/AlarmResultDlg.obj
         .\Debug/AlarmSettingDlg.obj
         .\Debug/BaseIndexDlg.obj
         .\Debug/CacheLoadDlg.obj
         .\Debug/CloseStrategyDlg.obj
         .\Debug/DataSrcDlg.obj
         .\Debug/DownloadDlg.obj
         .\Debug/EditKDATADlg.obj
         .\Debug/ExportDest.obj
         .\Debug/ExportOption.obj
         .\Debug/FilterInfoDlg.obj
         .\Debug/InstallPacDlg.obj
         .\Debug/ListExportDlg.obj
         .\Debug/NetInfoDlg.obj
         .\Debug/SelectGrpDlg.obj
         .\Debug/SelectStk.obj
         .\Debug/SelectTraderDlg.obj
         .\Debug/SetBasedataDlg.obj
         .\Debug/SetBaseDlg.obj
         .\Debug/SetColorDlg.obj
         .\Debug/SetColumnDlg.obj
         .\Debug/SetDrdataDlg.obj
         .\Debug/SetGroupDlg.obj
         .\Debug/SetKDataDlg.obj
         .\Debug/SetPrpt.obj
         .\Debug/SetRate.obj
         .\Debug/SetRule.obj
         .\Debug/SimuAddOpDlg.obj
         .\Debug/SimuAddStockDlg.obj
         .\Debug/SimuAdvancedDlg.obj
         .\Debug/SimuRealOp.obj
         .\Debug/SimuReport.obj
         .\Debug/SimuStatDlg.obj
         .\Debug/TyDataDlg.obj
         .\Debug/UpgradeDlg.obj
         D:\STKing_lc\NetTS\Debug\NetTS.lib
         D:\STKing_lc\Lib\StkLib30D.lib
         D:\STKing_lc\Lib\StkNet30D.lib
         D:\STKing_lc\Lib\XPFaceD.lib
       Manifest:
         C:\Program Files\Microsoft SDKs\Windows\v7.0A\bin\mt.exe /nologo /verbose /out:".\Debug\StkUI.exe.embed.manifest" /manifest .\Debug\StkUI.exe.intermediate.manifest "D:\Program Files\Microsoft Visual Studio 10.0\VC\Include\Manifest\dpiaware.manifest"
         所有输出均为最新。
       LinkEmbedManifest:
         所有输出均为最新。
         StkUI_vc90.vcxproj -> D:\STKing_lc\StkUI\.\Debug\StkUI.exe
       BscMake:
         D:\Program Files\Microsoft Visual Studio 10.0\VC\bin\bscmake.exe /nologo /o".\Debug\StkUI.bsc" .\Debug\AfxCore.sbr .\Debug\ChildFrm.sbr .\Debug\excel9.sbr .\Debug\MyExcel.sbr .\Debug\MyExcelReadDlg.sbr .\Debug\GridCtrl.sbr .\Debug\GridDropTarget.sbr .\Debug\InPlaceEdit.sbr .\Debug\InPlaceList.sbr .\Debug\MainFrm.sbr .\Debug\SListCombos.sbr .\Debug\StaticDoc.sbr .\Debug\StdAfx.sbr .\Debug\StkUI.sbr .\Debug\TitleTip.sbr .\Debug\TSKStatusBar.sbr .\Debug\TSKTabControl.sbr .\Debug\TSKTabManager.sbr .\Debug\36BIASDlg.sbr .\Debug\ADDlg.sbr .\Debug\ARBRDlg.sbr .\Debug\ASIDlg.sbr .\Debug\ATRDlg.sbr .\Debug\BBIDlg.sbr .\Debug\BIASDlg.sbr .\Debug\BOLLDlg.sbr .\Debug\CCIDlg.sbr .\Debug\CDPDlg.sbr .\Debug\CIDlg.sbr .\Debug\CRDlg.sbr .\Debug\CVDlg.sbr .\Debug\CWDlg.sbr .\Debug\CYODlg.sbr .\Debug\DCYODlg.sbr .\Debug\DJDlg.sbr .\Debug\DMIDlg.sbr .\Debug\DMKIDlg.sbr .\Debug\DPERDlg.sbr .\Debug\DPODlg.sbr .\Debug\EMVDlg.sbr .\Debug\HLCDlg.sbr .\Debug\HSLDlg.sbr .\Debug\KDJDlg.sbr .\Debug\KSTDlg.sbr .\Debug\MACDDlg.sbr .\Debug\MADlg.sbr .\Debug\MAOSCDlg.sbr .\Debug\MFIDlg.sbr .\Debug\MIKEDlg.sbr .\Debug\MOBVDlg.sbr .\Debug\MTMDlg.sbr .\Debug\NVIDlg.sbr .\Debug\NVRSIDlg.sbr .\Debug\OBVDlg.sbr .\Debug\OSCDlg.sbr .\Debug\PCNTDlg.sbr .\Debug\PSYDlg.sbr .\Debug\PVDlg.sbr .\Debug\PVIDlg.sbr .\Debug\RDlg.sbr .\Debug\REIDlg.sbr .\Debug\ROCDlg.sbr .\Debug\RSIDlg.sbr .\Debug\SARDlg.sbr .\Debug\SetParamDlg.sbr .\Debug\UOSDlg.sbr .\Debug\VMACDDlg.sbr .\Debug\VolumeDlg.sbr .\Debug\VRDlg.sbr .\Debug\VROCDlg.sbr .\Debug\VRSIDlg.sbr .\Debug\WVADDlg.sbr .\Debug\BaseView.sbr .\Debug\DrawTech.sbr .\Debug\GraphView.sbr .\Debug\GroupView.sbr .\Debug\InfoView.sbr .\Debug\MultiSort.sbr .\Debug\MultiSortView.sbr .\Debug\RealTime.sbr .\Debug\RealTimeView.sbr .\Debug\SelectorView.sbr .\Debug\Simulation.sbr .\Debug\SimuView.sbr .\Debug\SListView.sbr .\Debug\StockGraph.sbr .\Debug\StrategyView.sbr .\Debug\TechsView.sbr .\Debug\WizardView.sbr .\Debug\AlarmResultDlg.sbr .\Debug\AlarmSettingDlg.sbr .\Debug\BaseIndexDlg.sbr .\Debug\CacheLoadDlg.sbr .\Debug\CloseStrategyDlg.sbr .\Debug\DataSrcDlg.sbr .\Debug\DownloadDlg.sbr .\Debug\EditKDATADlg.sbr .\Debug\ExportDest.sbr .\Debug\ExportOption.sbr .\Debug\FilterInfoDlg.sbr .\Debug\InstallPacDlg.sbr .\Debug\ListExportDlg.sbr .\Debug\NetInfoDlg.sbr .\Debug\SelectGrpDlg.sbr .\Debug\SelectStk.sbr .\Debug\SelectTraderDlg.sbr .\Debug\SetBasedataDlg.sbr .\Debug\SetBaseDlg.sbr .\Debug\SetColorDlg.sbr .\Debug\SetColumnDlg.sbr .\Debug\SetDrdataDlg.sbr .\Debug\SetGroupDlg.sbr .\Debug\SetKDataDlg.sbr .\Debug\SetPrpt.sbr .\Debug\SetRate.sbr .\Debug\SetRule.sbr .\Debug\SimuAddOpDlg.sbr .\Debug\SimuAddStockDlg.sbr .\Debug\SimuAdvancedDlg.sbr .\Debug\SimuRealOp.sbr .\Debug\SimuReport.sbr .\Debug\SimuStatDlg.sbr .\Debug\TyDataDlg.sbr .\Debug\UpgradeDlg.sbr
       FinalizeBuildStatus:
         正在删除文件“.\Debug\StkUI.unsuccessfulbuild”。
         正在对“.\Debug\StkUI.lastbuildstate”执行 Touch 任务。
     1>已完成生成项目“D:\STKing_lc\StkUI\StkUI_vc90.vcxproj”(build 个目标)的操作。

生成成功。

已用时间 00:00:36.43
